2024-05-09 15:34:44,170 [INFO] Activator:176 - 


2024-05-09 15:34:44,180 [INFO] Activator:177 - !SESSION log4j initialized
2024-05-09 15:34:52,588 [INFO] LogOutputStream:77 - [STDOUT_REDIRECT] 
2024-05-09 15:34:56,108 [INFO] ApplicationProperties:184 - Using Application install path: C:\ST\STM32CubeIDE_1.14.1\STM32CubeIDE\plugins\com.st.stm32cube.common.mx_6.11.0.202403141607
2024-05-09 15:34:56,147 [INFO] DbMcusXml:78 - Set database path to: C:\ST\STM32CubeIDE_1.14.1\STM32CubeIDE\plugins\com.st.stm32cube.common.mx_6.11.0.202403141607\\db\/mcu/
2024-05-09 15:34:56,149 [INFO] ApiDb:274 - Set plugin database path to: C:\ST\STM32CubeIDE_1.14.1\STM32CubeIDE\plugins\com.st.stm32cube.common.mx_6.11.0.202403141607\\db\/plugins/boardmanager/
2024-05-09 15:34:56,150 [WARN] ApiDb:259 - Overriding images path with different value:  => C:\ST\STM32CubeIDE_1.14.1\STM32CubeIDE\plugins\com.st.stm32cube.common.mx_6.11.0.202403141607\\db\/plugins/mcufinder/images/
2024-05-09 15:34:56,170 [INFO] ApiDb:250 - Set database path to: C:\Users\nono\.stmcufinder\plugins\mcufinder//mcu/
2024-05-09 15:34:56,173 [INFO] DbMcusAds:125 - Set database path to: C:\Users\nono\.stmcufinder\plugins\mcufinder//mcu/
2024-05-09 15:34:56,177 [INFO] CrossReferenceDbSqlite:203 - Set database path to: C:\Users\nono\.stmcufinder\plugins\mcufinder//mcu/cs/
2024-05-09 15:34:56,415 [INFO] RulesReader:64 - Compatibility file has been processed (297 Rules)
2024-05-09 15:34:56,647 [INFO] DbMcusXml:78 - Set database path to: C:\ST\STM32CubeIDE_1.14.1\STM32CubeIDE\plugins\com.st.stm32cube.common.mx_6.11.0.202403141607\\db\/mcu/
2024-05-09 15:34:56,648 [INFO] ApiDb:274 - Set plugin database path to: C:\ST\STM32CubeIDE_1.14.1\STM32CubeIDE\plugins\com.st.stm32cube.common.mx_6.11.0.202403141607\\db\/plugins/boardmanager/
2024-05-09 15:34:56,648 [INFO] ApiDb:261 - Set plugin images path to: C:\ST\STM32CubeIDE_1.14.1\STM32CubeIDE\plugins\com.st.stm32cube.common.mx_6.11.0.202403141607\\db\/plugins/mcufinder/images/
2024-05-09 15:34:56,648 [WARN] DbFile:41 - Overriding database path with different value: C:\Users\nono\.stmcufinder\plugins\mcufinder/ => C:\Users\nono\.stmcufinder\plugins\mcufinder
2024-05-09 15:34:56,648 [INFO] ApiDb:250 - Set database path to: C:\Users\nono\.stmcufinder\plugins\mcufinder//mcu/
2024-05-09 15:34:56,648 [WARN] DbFile:41 - Overriding database path with different value: C:\Users\nono\.stmcufinder\plugins\mcufinder/ => C:\Users\nono\.stmcufinder\plugins\mcufinder
2024-05-09 15:34:56,649 [INFO] DbMcusAds:125 - Set database path to: C:\Users\nono\.stmcufinder\plugins\mcufinder//mcu/
2024-05-09 15:34:56,649 [WARN] DbFile:41 - Overriding database path with different value: C:\Users\nono\.stmcufinder\plugins\mcufinder/ => C:\Users\nono\.stmcufinder\plugins\mcufinder
2024-05-09 15:34:56,649 [WARN] DbFile:41 - Overriding database path with different value: C:\Users\nono\.stmcufinder\plugins\mcufinder/ => C:\Users\nono\.stmcufinder\plugins\mcufinder
2024-05-09 15:34:56,649 [INFO] CrossReferenceDbSqlite:203 - Set database path to: C:\Users\nono\.stmcufinder\plugins\mcufinder//mcu/cs/
2024-05-09 15:34:56,782 [INFO] MainPanel:264 - HeapMemory: 268435456
2024-05-09 15:34:56,962 [INFO] DbMcusXml:78 - Set database path to: C:\ST\STM32CubeIDE_1.14.1\STM32CubeIDE\plugins\com.st.stm32cube.common.mx_6.11.0.202403141607\\db\/mcu/
2024-05-09 15:34:56,962 [INFO] ApiDb:274 - Set plugin database path to: C:\ST\STM32CubeIDE_1.14.1\STM32CubeIDE\plugins\com.st.stm32cube.common.mx_6.11.0.202403141607\\db\/plugins/boardmanager/
2024-05-09 15:34:56,962 [INFO] ApiDb:261 - Set plugin images path to: C:\ST\STM32CubeIDE_1.14.1\STM32CubeIDE\plugins\com.st.stm32cube.common.mx_6.11.0.202403141607\\db\/plugins/mcufinder/images/
2024-05-09 15:34:56,963 [WARN] DbFile:41 - Overriding database path with different value: C:\Users\nono\.stmcufinder\plugins\mcufinder/ => C:\Users\nono\.stmcufinder\plugins\mcufinder
2024-05-09 15:34:56,963 [INFO] ApiDb:250 - Set database path to: C:\Users\nono\.stmcufinder\plugins\mcufinder//mcu/
2024-05-09 15:34:56,963 [WARN] DbFile:41 - Overriding database path with different value: C:\Users\nono\.stmcufinder\plugins\mcufinder/ => C:\Users\nono\.stmcufinder\plugins\mcufinder
2024-05-09 15:34:56,963 [INFO] DbMcusAds:125 - Set database path to: C:\Users\nono\.stmcufinder\plugins\mcufinder//mcu/
2024-05-09 15:34:56,963 [WARN] DbFile:41 - Overriding database path with different value: C:\Users\nono\.stmcufinder\plugins\mcufinder/ => C:\Users\nono\.stmcufinder\plugins\mcufinder
2024-05-09 15:34:56,964 [WARN] DbFile:41 - Overriding database path with different value: C:\Users\nono\.stmcufinder\plugins\mcufinder/ => C:\Users\nono\.stmcufinder\plugins\mcufinder
2024-05-09 15:34:56,964 [INFO] CrossReferenceDbSqlite:203 - Set database path to: C:\Users\nono\.stmcufinder\plugins\mcufinder//mcu/cs/
2024-05-09 15:34:57,001 [INFO] ApplicationProperties:184 - Using Application install path: C:\ST\STM32CubeIDE_1.14.1\STM32CubeIDE\plugins\com.st.stm32cube.common.mx_6.11.0.202403141607
2024-05-09 15:34:57,004 [INFO] PluginManage:196 - Search for loadable plugins [exclusion list=, ]
2024-05-09 15:34:57,007 [INFO] PluginManage:310 - Check plugin analytics
2024-05-09 15:34:57,326 [INFO] AnalyticsPlugin:253 - Accepted Software Licenses: 
2024-05-09 15:34:57,326 [INFO] AnalyticsPlugin:255 - Accepted CMSIS Pack Licenses: 
2024-05-09 15:34:57,327 [INFO] AnalyticsPlugin:257 - Accepted Firmware Licenses: FW.F4.1.28.0,FW.G0.1.6.0
2024-05-09 15:34:57,332 [INFO] PluginManage:359 - Loaded plugin analytics (category:tool,tabindex:-1)
2024-05-09 15:34:57,332 [INFO] PluginManage:310 - Check plugin cadmodel
2024-05-09 15:34:57,354 [INFO] CADModel:105 - Init CAD model plugin
2024-05-09 15:34:57,355 [INFO] PluginManage:359 - Loaded plugin cadmodel (category:power,tabindex:5)
2024-05-09 15:34:57,355 [INFO] PluginManage:310 - Check plugin clock
2024-05-09 15:34:57,388 [INFO] PluginManage:359 - Loaded plugin clock (category:base,tabindex:2)
2024-05-09 15:34:57,388 [INFO] PluginManage:310 - Check plugin ddr
2024-05-09 15:34:57,392 [INFO] PluginManage:359 - Loaded plugin ddr (category:tool,tabindex:6)
2024-05-09 15:34:57,392 [INFO] PluginManage:310 - Check plugin filemanager
2024-05-09 15:34:57,723 [INFO] PluginManage:359 - Loaded plugin filemanager (category:base,tabindex:10)
2024-05-09 15:34:57,723 [INFO] PluginManage:310 - Check plugin ipmanager
2024-05-09 15:34:57,734 [INFO] PluginManage:359 - Loaded plugin ipmanager (category:base,tabindex:5)
2024-05-09 15:34:57,734 [INFO] PluginManage:310 - Check plugin lpbam
2024-05-09 15:34:57,761 [INFO] PluginManage:359 - Loaded plugin lpbam (category:base,tabindex:0)
2024-05-09 15:34:57,761 [INFO] PluginManage:310 - Check plugin memorymap
2024-05-09 15:34:57,804 [INFO] PluginManage:359 - Loaded plugin memorymap (category:base,tabindex:4)
2024-05-09 15:34:57,804 [INFO] PluginManage:310 - Check plugin pinoutandconfiguration
2024-05-09 15:34:57,833 [INFO] PluginManage:359 - Loaded plugin pinoutandconfiguration (category:base,tabindex:1)
2024-05-09 15:34:57,833 [INFO] PluginManage:310 - Check plugin pinoutconfig
2024-05-09 15:34:57,993 [WARN] SupportedApi:132 - Cannot load RTOS API schema: s4s-elt-must-match.1: The content of 'definitions' must match (annotation?, (simpleType | complexType)?, (unique | key | keyref)*)). A problem was found starting at: attribute.
2024-05-09 15:34:58,240 [INFO] PluginManage:359 - Loaded plugin pinoutconfig (category:base,tabindex:0)
2024-05-09 15:34:58,240 [INFO] PluginManage:310 - Check plugin power
2024-05-09 15:34:58,272 [INFO] PluginManage:359 - Loaded plugin power (category:power,tabindex:4)
2024-05-09 15:34:58,272 [INFO] PluginManage:310 - Check plugin projectmanager
2024-05-09 15:34:58,302 [INFO] PluginManage:359 - Loaded plugin projectmanager (category:projectmanager,tabindex:3)
2024-05-09 15:34:58,303 [INFO] PluginManage:310 - Check plugin thirdparty
2024-05-09 15:34:58,780 [INFO] PluginManage:359 - Loaded plugin thirdparty (category:base,tabindex:-1)
2024-05-09 15:34:58,780 [WARN] IntegrityCheckThread:84 - waiting for thirdparty lock release [integrity check]
2024-05-09 15:34:58,781 [INFO] PluginManage:310 - Check plugin tools
2024-05-09 15:34:58,781 [INFO] IntegrityCheckThread:86 - entering critical section [integrity check]
2024-05-09 15:34:58,781 [INFO] ThirdPartyUpdaterWithRetryManager:70 - Updater plugin not ready yet. [1/15]
2024-05-09 15:34:58,895 [INFO] PluginManage:359 - Loaded plugin tools (category:base,tabindex:7)
2024-05-09 15:34:58,896 [INFO] PluginManage:310 - Check plugin tutovideos
2024-05-09 15:34:59,222 [INFO] PluginManage:359 - Loaded plugin tutovideos (category:base,tabindex:-1)
2024-05-09 15:34:59,223 [INFO] PluginManage:310 - Check plugin updater
2024-05-09 15:34:59,240 [INFO] PluginManage:359 - Loaded plugin updater (category:base,tabindex:12)
2024-05-09 15:34:59,240 [INFO] PluginManage:310 - Check plugin userauth
2024-05-09 15:34:59,252 [INFO] UserAuth:114 - Init User Auth plugin
2024-05-09 15:34:59,252 [INFO] PluginManage:359 - Loaded plugin userauth (category:base,tabindex:14)
2024-05-09 15:34:59,253 [INFO] PluginManage:283 - PluginManage : Loaded plugins [17]
2024-05-09 15:34:59,606 [INFO] PinOutPanel:1561 - setPackage(No Configuration,No Configuration)
2024-05-09 15:34:59,722 [INFO] CADModel:165 - CPN selected for project level
2024-05-09 15:34:59,723 [INFO] CADModel:114 - Register for checkConnection events
2024-05-09 15:34:59,760 [INFO] IPUIPlugin:80 - create IPUIPlugin
2024-05-09 15:34:59,760 [INFO] PluginManager:220 - loadIPPluginJar : add adc
2024-05-09 15:34:59,860 [INFO] IPUIPlugin:80 - create IPUIPlugin
2024-05-09 15:34:59,860 [INFO] PluginManager:220 - loadIPPluginJar : add aes
2024-05-09 15:34:59,923 [INFO] IPUIPlugin:80 - create IPUIPlugin
2024-05-09 15:34:59,923 [INFO] PluginManager:220 - loadIPPluginJar : add can
2024-05-09 15:34:59,972 [INFO] IPUIPlugin:80 - create IPUIPlugin
2024-05-09 15:34:59,972 [INFO] PluginManager:220 - loadIPPluginJar : add comp
2024-05-09 15:35:00,026 [INFO] IPUIPlugin:80 - create IPUIPlugin
2024-05-09 15:35:00,026 [INFO] PluginManager:220 - loadIPPluginJar : add cryp
2024-05-09 15:35:00,074 [INFO] IPUIPlugin:80 - create IPUIPlugin
2024-05-09 15:35:00,074 [INFO] PluginManager:220 - loadIPPluginJar : add dfsdm
2024-05-09 15:35:00,097 [INFO] IPUIPlugin:80 - create IPUIPlugin
2024-05-09 15:35:00,097 [INFO] PluginManager:220 - loadIPPluginJar : add dma
2024-05-09 15:35:00,167 [INFO] IPUIPlugin:80 - create IPUIPlugin
2024-05-09 15:35:00,167 [INFO] PluginManager:220 - loadIPPluginJar : add dma3
2024-05-09 15:35:00,236 [INFO] IPUIPlugin:80 - create IPUIPlugin
2024-05-09 15:35:00,237 [INFO] PluginManager:220 - loadIPPluginJar : add extmemmanager
2024-05-09 15:35:00,268 [INFO] IPUIPlugin:80 - create IPUIPlugin
2024-05-09 15:35:00,268 [INFO] PluginManager:220 - loadIPPluginJar : add fatfs
2024-05-09 15:35:00,342 [INFO] IPUIPlugin:80 - create IPUIPlugin
2024-05-09 15:35:00,343 [INFO] PluginManager:220 - loadIPPluginJar : add fmc
2024-05-09 15:35:00,366 [INFO] IPUIPlugin:80 - create IPUIPlugin
2024-05-09 15:35:00,366 [INFO] PluginManager:220 - loadIPPluginJar : add freertos
2024-05-09 15:35:00,398 [INFO] IPUIPlugin:80 - create IPUIPlugin
2024-05-09 15:35:00,398 [INFO] PluginManager:220 - loadIPPluginJar : add genericplugin
2024-05-09 15:35:00,546 [INFO] IPUIPlugin:80 - create IPUIPlugin
2024-05-09 15:35:00,547 [INFO] PluginManager:220 - loadIPPluginJar : add gfxmmu
2024-05-09 15:35:00,811 [INFO] IPUIPlugin:80 - create IPUIPlugin
2024-05-09 15:35:00,812 [INFO] PluginManager:220 - loadIPPluginJar : add gic
2024-05-09 15:35:00,829 [INFO] IPUIPlugin:80 - create IPUIPlugin
2024-05-09 15:35:00,829 [INFO] PluginManager:220 - loadIPPluginJar : add gpio
2024-05-09 15:35:00,972 [INFO] IPUIPlugin:80 - create IPUIPlugin
2024-05-09 15:35:00,972 [INFO] PluginManager:220 - loadIPPluginJar : add gtzc
2024-05-09 15:35:01,037 [INFO] IPUIPlugin:80 - create IPUIPlugin
2024-05-09 15:35:01,037 [INFO] PluginManager:220 - loadIPPluginJar : add hash
2024-05-09 15:35:01,125 [INFO] IPUIPlugin:80 - create IPUIPlugin
2024-05-09 15:35:01,125 [INFO] PluginManager:220 - loadIPPluginJar : add i2c
2024-05-09 15:35:01,196 [INFO] IPUIPlugin:80 - create IPUIPlugin
2024-05-09 15:35:01,196 [INFO] PluginManager:220 - loadIPPluginJar : add i2s
2024-05-09 15:35:01,260 [INFO] IPUIPlugin:80 - create IPUIPlugin
2024-05-09 15:35:01,260 [INFO] PluginManager:220 - loadIPPluginJar : add i3c
2024-05-09 15:35:01,436 [INFO] IPUIPlugin:80 - create IPUIPlugin
2024-05-09 15:35:01,436 [INFO] PluginManager:220 - loadIPPluginJar : add ipddr
2024-05-09 15:35:01,581 [INFO] IPUIPlugin:80 - create IPUIPlugin
2024-05-09 15:35:01,581 [INFO] PluginManager:220 - loadIPPluginJar : add linkedlist
2024-05-09 15:35:01,635 [INFO] IPUIPlugin:80 - create IPUIPlugin
2024-05-09 15:35:01,635 [INFO] PluginManager:220 - loadIPPluginJar : add lorawan
2024-05-09 15:35:01,691 [INFO] IPUIPlugin:80 - create IPUIPlugin
2024-05-09 15:35:01,692 [INFO] PluginManager:220 - loadIPPluginJar : add ltdc
2024-05-09 15:35:01,713 [INFO] IPUIPlugin:80 - create IPUIPlugin
2024-05-09 15:35:01,714 [INFO] PluginManager:220 - loadIPPluginJar : add mdma
2024-05-09 15:35:01,731 [INFO] IPUIPlugin:80 - create IPUIPlugin
2024-05-09 15:35:01,731 [INFO] PluginManager:220 - loadIPPluginJar : add nvic
2024-05-09 15:35:01,783 [INFO] ThirdPartyUpdaterWithRetryManager:70 - Updater plugin not ready yet. [2/15]
2024-05-09 15:35:01,836 [INFO] IPUIPlugin:80 - create IPUIPlugin
2024-05-09 15:35:01,837 [INFO] PluginManager:220 - loadIPPluginJar : add opamp
2024-05-09 15:35:01,931 [INFO] IPUIPlugin:80 - create IPUIPlugin
2024-05-09 15:35:01,932 [INFO] PluginManager:220 - loadIPPluginJar : add openamp
2024-05-09 15:35:02,007 [INFO] IPUIPlugin:80 - create IPUIPlugin
2024-05-09 15:35:02,007 [INFO] PluginManager:220 - loadIPPluginJar : add pdm2pcm
2024-05-09 15:35:02,031 [INFO] IPUIPlugin:80 - create IPUIPlugin
2024-05-09 15:35:02,035 [INFO] PluginManager:220 - loadIPPluginJar : add plateformsettings
2024-05-09 15:35:02,069 [INFO] IPUIPlugin:80 - create IPUIPlugin
2024-05-09 15:35:02,070 [INFO] PluginManager:220 - loadIPPluginJar : add quadspi
2024-05-09 15:35:02,088 [INFO] IPUIPlugin:80 - create IPUIPlugin
2024-05-09 15:35:02,089 [INFO] PluginManager:220 - loadIPPluginJar : add resmgrutility
2024-05-09 15:35:02,175 [INFO] IPUIPlugin:80 - create IPUIPlugin
2024-05-09 15:35:02,175 [INFO] PluginManager:220 - loadIPPluginJar : add sai
2024-05-09 15:35:02,235 [INFO] IPUIPlugin:80 - create IPUIPlugin
2024-05-09 15:35:02,235 [INFO] PluginManager:220 - loadIPPluginJar : add spi
2024-05-09 15:35:02,349 [INFO] IPUIPlugin:80 - create IPUIPlugin
2024-05-09 15:35:02,349 [INFO] PluginManager:220 - loadIPPluginJar : add stm32_wpan
2024-05-09 15:35:02,387 [INFO] IPUIPlugin:80 - create IPUIPlugin
2024-05-09 15:35:02,388 [INFO] PluginManager:220 - loadIPPluginJar : add tim
2024-05-09 15:35:02,501 [INFO] IPUIPlugin:80 - create IPUIPlugin
2024-05-09 15:35:02,501 [INFO] PluginManager:220 - loadIPPluginJar : add touchsensing
2024-05-09 15:35:02,540 [INFO] IPUIPlugin:80 - create IPUIPlugin
2024-05-09 15:35:02,540 [INFO] PluginManager:220 - loadIPPluginJar : add tracer_emb
2024-05-09 15:35:02,577 [INFO] IPUIPlugin:80 - create IPUIPlugin
2024-05-09 15:35:02,577 [INFO] PluginManager:220 - loadIPPluginJar : add ts
2024-05-09 15:35:02,613 [INFO] IPUIPlugin:80 - create IPUIPlugin
2024-05-09 15:35:02,613 [INFO] PluginManager:220 - loadIPPluginJar : add tsc
2024-05-09 15:35:02,648 [INFO] IPUIPlugin:80 - create IPUIPlugin
2024-05-09 15:35:02,648 [INFO] PluginManager:220 - loadIPPluginJar : add ucpd
2024-05-09 15:35:02,728 [INFO] IPUIPlugin:80 - create IPUIPlugin
2024-05-09 15:35:02,728 [INFO] PluginManager:220 - loadIPPluginJar : add usart
2024-05-09 15:35:02,807 [INFO] IPUIPlugin:80 - create IPUIPlugin
2024-05-09 15:35:02,807 [INFO] PluginManager:220 - loadIPPluginJar : add usbx
2024-05-09 15:35:02,979 [INFO] CADModel:165 - CPN selected for project level
2024-05-09 15:35:02,979 [INFO] CADModel:114 - Register for checkConnection events
2024-05-09 15:35:02,979 [FATAL] Updater:308 - Updater called before beeing initialized
2024-05-09 15:35:02,979 [ERROR] CADModel:125 - Updater not yet initialized, retry later 
2024-05-09 15:35:03,188 [INFO] CADModel:165 - CPN selected for project level
2024-05-09 15:35:03,188 [INFO] CADModel:114 - Register for checkConnection events
2024-05-09 15:35:03,188 [FATAL] Updater:308 - Updater called before beeing initialized
2024-05-09 15:35:03,188 [ERROR] CADModel:125 - Updater not yet initialized, retry later 
2024-05-09 15:35:03,194 [FATAL] Updater:308 - Updater called before beeing initialized
2024-05-09 15:35:03,785 [FATAL] Updater:308 - Updater called before beeing initialized
2024-05-09 15:35:03,819 [INFO] DbMcusAds:53 - JSON generation date=Wed Nov 29 11:52:27 CET 2023 (1701255147349)
2024-05-09 15:35:03,819 [FATAL] Updater:308 - Updater called before beeing initialized
2024-05-09 15:35:03,986 [WARN] DetailPanel:346 - Failed to get advertising image, set to default
2024-05-09 15:35:04,188 [FATAL] Updater:308 - Updater called before beeing initialized
2024-05-09 15:35:04,192 [FATAL] Updater:308 - Updater called before beeing initialized
2024-05-09 15:35:04,192 [FATAL] Updater:308 - Updater called before beeing initialized
2024-05-09 15:35:04,192 [WARN] DetailPanel:346 - Failed to get advertising image, set to default
2024-05-09 15:35:04,193 [FATAL] Updater:308 - Updater called before beeing initialized
2024-05-09 15:35:04,354 [ERROR] Updater:1120 - MainUpdater not yet initialized. External WinMGr cannot be set.
2024-05-09 15:35:04,378 [INFO] Updater:1056 - Updater Version found : 6.11.0
2024-05-09 15:35:04,412 [INFO] ApplicationProperties:184 - Using Application install path: C:\ST\STM32CubeIDE_1.14.1\STM32CubeIDE\plugins\com.st.stm32cube.common.mx_6.11.0.202403141607
2024-05-09 15:35:04,785 [INFO] ThirdPartyUpdaterWithRetryManager:70 - Updater plugin not ready yet. [3/15]
2024-05-09 15:35:06,003 [ERROR] LogOutputStream:75 - [STDERR_REDIRECT] May 09, 2024 3:35:05 PM java.util.prefs.WindowsPreferences <init>
2024-05-09 15:35:06,006 [ERROR] LogOutputStream:75 - [STDERR_REDIRECT] WARNING: Could not open/create prefs root node Software\JavaSoft\Prefs at root 0xffffffff80000002. Windows RegCreateKeyEx(...) returned error code 5.
2024-05-09 15:35:06,006 [ERROR] LogOutputStream:75 - [STDERR_REDIRECT] 
2024-05-09 15:35:06,379 [INFO] MainUpdater:2873 - connection check result : 22
2024-05-09 15:35:06,380 [INFO] MainUpdater:290 - Updater Check For Update Now.
2024-05-09 15:35:06,380 [INFO] MicroXplorer:498 - Change Database Version : DB.6.0.110
2024-05-09 15:35:06,434 [INFO] McuFinderGlobals:63 - Set McuFinder mode to 2 (CubeIDE integrated)
2024-05-09 15:35:06,434 [INFO] UserAuth:179 - activating auth plugin
2024-05-09 15:35:06,496 [INFO] UserAuth:415 - Internet connection configuration mode: 2
